<?xml version="1.0" encoding="UTF-8"?>
<?mso-application progid="Excel.Sheet"?><Workbook xmlns="urn:schemas-microsoft-com:office:spreadsheet" xmlns:c="urn:schemas-microsoft-com:office:component:spreadsheet" xmlns:html="http://www.w3.org/TR/REC-html40" xmlns:o="urn:schemas-microsoft-com:office:office" xmlns:ss="urn:schemas-microsoft-com:office:spreadsheet" xmlns:x2="http://schemas.microsoft.com/office/excel/2003/xml" xmlns:x="urn:schemas-microsoft-com:office:excel" xmlns:xsi="http://www.w3.org/2001/XMLSchema-instance"><OfficeDocumentSettings xmlns="urn:schemas-microsoft-com:office:office"><Colors><Color><Index>3</Index><RGB>#c0c0c0</RGB></Color></Colors></OfficeDocumentSettings><ExcelWorkbook xmlns="urn:schemas-microsoft-com:office:excel"><WindowHeight>9000</WindowHeight><WindowWidth>13860</WindowWidth><WindowTopX>240</WindowTopX><WindowTopY>75</WindowTopY><ProtectStructure>False</ProtectStructure><ProtectWindows>False</ProtectWindows></ExcelWorkbook><Styles><Style ss:ID="Default" ss:Name="Default"/><Style ss:ID="Result" ss:Name="Result"><Font ss:Bold="1" ss:Italic="1" ss:Underline="Single"/></Style><Style ss:ID="Result2" ss:Name="Result2"><Font ss:Bold="1" ss:Italic="1" ss:Underline="Single"/></Style><Style ss:ID="Heading" ss:Name="Heading"><Font ss:Bold="1" ss:Italic="1" ss:Size="16"/></Style><Style ss:ID="Heading1" ss:Name="Heading1"><Font ss:Bold="1" ss:Italic="1" ss:Size="16"/></Style><Style ss:ID="co1"/><Style ss:ID="co2"/><Style ss:ID="ta1"/><Style ss:ID="ce1"><NumberFormat ss:Format="General"/></Style></Styles><ss:Worksheet ss:Name="Sheet1"><Table ss:StyleID="ta1"><Column ss:Width="98.79"/><Column ss:Width="64.01"/><Column ss:Width="64.01"/><Row ss:Height="12.81"><Cell><Data ss:Type="Number">0</Data></Cell><Cell><Data ss:Type="Boolean">1</Data></Cell><Cell><Data ss:Type="Number">0.182</Data></Cell></Row><Row ss:Height="12.81"><Cell><Data ss:Type="Number">1</Data></Cell><Cell><Data ss:Type="Boolean">1</Data></Cell><Cell><Data ss:Type="Number">0.071</Data></Cell></Row><Row ss:Height="12.81"><Cell><Data ss:Type="Number">2</Data></Cell><Cell><Data ss:Type="Boolean">1</Data></Cell><Cell><Data ss:Type="Number">0.152</Data></Cell></Row><Row ss:Height="12.81"><Cell><Data ss:Type="Number">3</Data></Cell><Cell><Data ss:Type="Boolean">0</Data></Cell><Cell><Data ss:Type="Number">0.057</Data></Cell></Row><Row ss:Height="12.81"><Cell><Data ss:Type="Number">4</Data></Cell><Cell><Data ss:Type="Boolean">1</Data></Cell><Cell><Data ss:Type="Number">-0.127</Data></Cell></Row><Row ss:Height="12.81"><Cell><Data ss:Type="Number">5</Data></Cell><Cell><Data ss:Type="Boolean">1</Data></Cell><Cell><Data ss:Type="Number">-0.755</Data></Cell></Row><Row ss:Index="7" ss:Height="12.81"><Cell><Data ss:Type="Number">6</Data></Cell><Cell><Data ss:Type="Boolean">1</Data></Cell><Cell><Data ss:Type="Number">0.164</Data></Cell></Row><Row ss:Height="12.81"><Cell><Data ss:Type="Number">7</Data></Cell><Cell><Data ss:Type="Boolean">1</Data></Cell><Cell><Data ss:Type="Number">-0.055</Data></Cell></Row><Row ss:Height="12.81"><Cell><Data ss:Type="Number">8</Data></Cell><Cell><Data ss:Type="Boolean">1</Data></Cell><Cell><Data ss:Type="Number">-0.436</Data></Cell></Row><Row ss:Height="12.81"><Cell><Data ss:Type="Number">9</Data></Cell><Cell><Data ss:Type="Boolean">1</Data></Cell><Cell><Data ss:Type="Number">0.164</Data></Cell></Row><Row ss:Height="12.81"><Cell><Data ss:Type="Number">10</Data></Cell><Cell><Data ss:Type="Boolean">1</Data></Cell><Cell><Data ss:Type="Number">0.166</Data></Cell></Row><Row ss:Height="12.81"><Cell><Data ss:Type="Number">11</Data></Cell><Cell><Data ss:Type="Boolean">0</Data></Cell><Cell><Data ss:Type="Number">-0.064</Data></Cell></Row><Row ss:Height="12.81"><Cell><Data ss:Type="Number">12</Data></Cell><Cell><Data ss:Type="Boolean">1</Data></Cell><Cell><Data ss:Type="Number">-0.499</Data></Cell></Row><Row ss:Index="14" ss:Height="12.81"><Cell><Data ss:Type="Number">13</Data></Cell><Cell><Data ss:Type="Boolean">1</Data></Cell><Cell><Data ss:Type="Number">0.151</Data></Cell></Row><Row ss:Height="12.81"><Cell><Data ss:Type="Number">14</Data></Cell><Cell><Data ss:Type="Boolean">0</Data></Cell><Cell><Data ss:Type="Number">-1.329</Data></Cell></Row><Row ss:Height="12.81"><Cell><Data ss:Type="Number">15</Data></Cell><Cell><Data ss:Type="Boolean">1</Data></Cell><Cell><Data ss:Type="Number">0.143</Data></Cell></Row><Row ss:Height="12.81"><Cell><Data ss:Type="Number">16</Data></Cell><Cell><Data ss:Type="Boolean">1</Data></Cell><Cell><Data ss:Type="Number">0.176</Data></Cell></Row><Row ss:Height="12.81"><Cell><Data ss:Type="Number">17</Data></Cell><Cell><Data ss:Type="Boolean">0</Data></Cell><Cell><Data ss:Type="Number">-0.15</Data></Cell></Row><Row ss:Height="12.81"><Cell><Data ss:Type="Number">18</Data></Cell><Cell><Data ss:Type="Boolean">1</Data></Cell><Cell><Data ss:Type="Number">-1.293</Data></Cell></Row><Row ss:Index="20" ss:Height="12.81"><Cell><Data ss:Type="Number">19</Data></Cell><Cell><Data ss:Type="Boolean">1</Data></Cell><Cell><Data ss:Type="Number">-0.501</Data></Cell></Row><Row ss:Height="12.81"><Cell><Data ss:Type="Number">20</Data></Cell><Cell><Data ss:Type="Boolean">0</Data></Cell><Cell><Data ss:Type="Number">-0.036</Data></Cell></Row><Row ss:Height="12.81"><Cell><Data ss:Type="Number">21</Data></Cell><Cell><Data ss:Type="Boolean">1</Data></Cell><Cell><Data ss:Type="Number">-1.276</Data></Cell></Row><Row ss:Height="12.81"><Cell><Data ss:Type="Number">22</Data></Cell><Cell><Data ss:Type="Boolean">1</Data></Cell><Cell><Data ss:Type="Number">-0.046</Data></Cell></Row><Row ss:Height="12.81"><Cell><Data ss:Type="Number">23</Data></Cell><Cell><Data ss:Type="Boolean">1</Data></Cell><Cell><Data ss:Type="Number">0.016</Data></Cell></Row><Row ss:Height="12.81"><Cell><Data ss:Type="Number">24</Data></Cell><Cell><Data ss:Type="Boolean">1</Data></Cell><Cell><Data ss:Type="Number">0.1</Data></Cell></Row><Row ss:Height="12.81"><Cell><Data ss:Type="Number">25</Data></Cell><Cell><Data ss:Type="Boolean">1</Data></Cell><Cell><Data ss:Type="Number">0.164</Data></Cell></Row><Row ss:Index="27" ss:Height="12.81"><Cell><Data ss:Type="Number">26</Data></Cell><Cell><Data ss:Type="Boolean">1</Data></Cell><Cell><Data ss:Type="Number">-0.277</Data></Cell></Row><Row ss:Height="12.81"><Cell><Data ss:Type="Number">27</Data></Cell><Cell><Data ss:Type="Boolean">1</Data></Cell><Cell><Data ss:Type="Number">0.101</Data></Cell></Row><Row ss:Height="12.81"><Cell><Data ss:Type="Number">28</Data></Cell><Cell><Data ss:Type="Boolean">1</Data></Cell><Cell><Data ss:Type="Number">-0.33</Data></Cell></Row><Row ss:Height="12.81"><Cell><Data ss:Type="Number">29</Data></Cell><Cell><Data ss:Type="Boolean">1</Data></Cell><Cell><Data ss:Type="Number">-0</Data></Cell></Row><Row ss:Height="12.81"><Cell><Data ss:Type="Number">30</Data></Cell><Cell><Data ss:Type="Boolean">1</Data></Cell><Cell><Data ss:Type="Number">0.12</Data></Cell></Row><Row ss:Height="12.81"><Cell><Data ss:Type="Number">31</Data></Cell><Cell><Data ss:Type="Boolean">1</Data></Cell><Cell><Data ss:Type="Number">-0.305</Data></Cell></Row><Row ss:Index="33" ss:Height="12.81"><Cell><Data ss:Type="Number">32</Data></Cell><Cell><Data ss:Type="Boolean">1</Data></Cell><Cell><Data ss:Type="Number">-0.659</Data></Cell></Row><Row ss:Height="12.81"><Cell><Data ss:Type="Number">33</Data></Cell><Cell><Data ss:Type="Boolean">1</Data></Cell><Cell><Data ss:Type="Number">0.133</Data></Cell></Row><Row ss:Height="12.81"><Cell><Data ss:Type="Number">34</Data></Cell><Cell><Data ss:Type="Boolean">1</Data></Cell><Cell><Data ss:Type="Number">0.092</Data></Cell></Row><Row ss:Height="12.81"><Cell><Data ss:Type="Number">35</Data></Cell><Cell><Data ss:Type="Boolean">1</Data></Cell><Cell><Data ss:Type="Number">-0.138</Data></Cell></Row><Row ss:Height="12.81"><Cell><Data ss:Type="Number">36</Data></Cell><Cell><Data ss:Type="Boolean">1</Data></Cell><Cell><Data ss:Type="Number">-0.02</Data></Cell></Row><Row ss:Height="12.81"><Cell><Data ss:Type="Number">37</Data></Cell><Cell><Data ss:Type="Boolean">1</Data></Cell><Cell><Data ss:Type="Number">-0.118</Data></Cell></Row><Row ss:Height="12.81"><Cell><Data ss:Type="Number">38</Data></Cell><Cell><Data ss:Type="Boolean">1</Data></Cell><Cell><Data ss:Type="Number">-0.592</Data></Cell></Row><Row ss:Index="40" ss:Height="12.81"><Cell><Data ss:Type="Number">39</Data></Cell><Cell><Data ss:Type="Boolean">1</Data></Cell><Cell><Data ss:Type="Number">-0.183</Data></Cell></Row><Row ss:Height="12.81"><Cell><Data ss:Type="Number">40</Data></Cell><Cell><Data ss:Type="Boolean">1</Data></Cell><Cell><Data ss:Type="Number">0.073</Data></Cell></Row><Row ss:Height="12.81"><Cell><Data ss:Type="Number">41</Data></Cell><Cell><Data ss:Type="Boolean">1</Data></Cell><Cell><Data ss:Type="Number">0.144</Data></Cell></Row><Row ss:Height="12.81"><Cell><Data ss:Type="Number">42</Data></Cell><Cell><Data ss:Type="Boolean">1</Data></Cell><Cell><Data ss:Type="Number">-0.154</Data></Cell></Row><Row ss:Height="12.81"><Cell><Data ss:Type="Number">43</Data></Cell><Cell><Data ss:Type="Boolean">1</Data></Cell><Cell><Data ss:Type="Number">-0.439</Data></Cell></Row><Row ss:Height="12.81"><Cell><Data ss:Type="Number">44</Data></Cell><Cell><Data ss:Type="Boolean">1</Data></Cell><Cell><Data ss:Type="Number">-0.086</Data></Cell></Row><Row ss:Height="12.81"><Cell><Data ss:Type="Number">45</Data></Cell><Cell><Data ss:Type="Boolean">1</Data></Cell><Cell><Data ss:Type="Number">-0.25</Data></Cell></Row><Row ss:Index="47" ss:Height="12.81"><Cell><Data ss:Type="Number">46</Data></Cell><Cell><Data ss:Type="Boolean">1</Data></Cell><Cell><Data ss:Type="Number">-0.461</Data></Cell></Row><Row ss:Height="12.81"><Cell><Data ss:Type="Number">47</Data></Cell><Cell><Data ss:Type="Boolean">1</Data></Cell><Cell><Data ss:Type="Number">-0.313</Data></Cell></Row><Row ss:Height="12.81"><Cell><Data ss:Type="Number">48</Data></Cell><Cell><Data ss:Type="Boolean">1</Data></Cell><Cell><Data ss:Type="Number">-0.247</Data></Cell></Row><Row ss:Height="12.81"><Cell><Data ss:Type="Number">49</Data></Cell><Cell><Data ss:Type="Boolean">0</Data></Cell><Cell><Data ss:Type="Number">-0.513</Data></Cell></Row><Row ss:Height="12.81"><Cell><Data ss:Type="Number">50</Data></Cell><Cell><Data ss:Type="Boolean">1</Data></Cell><Cell><Data ss:Type="Number">0.181</Data></Cell></Row><Row ss:Height="12.81"><Cell><Data ss:Type="Number">51</Data></Cell><Cell><Data ss:Type="Boolean">0</Data></Cell><Cell><Data ss:Type="Number">0.029</Data></Cell></Row><Row ss:Height="12.81"><Cell><Data ss:Type="Number">52</Data></Cell><Cell><Data ss:Type="Boolean">0</Data></Cell><Cell><Data ss:Type="Number">-0.156</Data></Cell></Row><Row ss:Index="54" ss:Height="12.81"><Cell><Data ss:Type="Number">53</Data></Cell><Cell><Data ss:Type="Boolean">1</Data></Cell><Cell><Data ss:Type="Number">0.09</Data></Cell></Row><Row ss:Height="12.81"><Cell><Data ss:Type="Number">54</Data></Cell><Cell><Data ss:Type="Boolean">1</Data></Cell><Cell><Data ss:Type="Number">0.125</Data></Cell></Row><Row ss:Height="12.81"><Cell><Data ss:Type="Number">55</Data></Cell><Cell><Data ss:Type="Boolean">1</Data></Cell><Cell><Data ss:Type="Number">0.108</Data></Cell></Row><Row ss:Height="12.81"><Cell><Data ss:Type="Number">56</Data></Cell><Cell><Data ss:Type="Boolean">0</Data></Cell><Cell><Data ss:Type="Number">-0.605</Data></Cell></Row><Row ss:Height="12.81"><Cell><Data ss:Type="Number">57</Data></Cell><Cell><Data ss:Type="Boolean">1</Data></Cell><Cell><Data ss:Type="Number">0.138</Data></Cell></Row><Row ss:Height="12.81"><Cell><Data ss:Type="Number">58</Data></Cell><Cell><Data ss:Type="Boolean">1</Data></Cell><Cell><Data ss:Type="Number">0.151</Data></Cell></Row><Row ss:Index="60" ss:Height="12.81"><Cell><Data ss:Type="Number">59</Data></Cell><Cell><Data ss:Type="Boolean">1</Data></Cell><Cell><Data ss:Type="Number">0.152</Data></Cell></Row><Row ss:Height="12.81"><Cell><Data ss:Type="Number">60</Data></Cell><Cell><Data ss:Type="Boolean">1</Data></Cell><Cell><Data ss:Type="Number">-0.066</Data></Cell></Row><Row ss:Height="12.81"><Cell><Data ss:Type="Number">61</Data></Cell><Cell><Data ss:Type="Boolean">1</Data></Cell><Cell><Data ss:Type="Number">-0.159</Data></Cell></Row><Row ss:Height="12.81"><Cell><Data ss:Type="Number">62</Data></Cell><Cell><Data ss:Type="Boolean">1</Data></Cell><Cell><Data ss:Type="Number">-0.034</Data></Cell></Row><Row ss:Height="12.81"><Cell><Data ss:Type="Number">63</Data></Cell><Cell><Data ss:Type="Boolean">1</Data></Cell><Cell><Data ss:Type="Number">-0.15</Data></Cell></Row><Row ss:Height="12.81"><Cell><Data ss:Type="Number">64</Data></Cell><Cell><Data ss:Type="Boolean">0</Data></Cell><Cell><Data ss:Type="Number">-0.237</Data></Cell></Row><Row ss:Height="12.81"><Cell><Data ss:Type="Number">65</Data></Cell><Cell><Data ss:Type="Boolean">1</Data></Cell><Cell><Data ss:Type="Number">-0.168</Data></Cell></Row><Row ss:Index="67" ss:Height="12.81"><Cell><Data ss:Type="Number">66</Data></Cell><Cell><Data ss:Type="Boolean">1</Data></Cell><Cell><Data ss:Type="Number">-0.399</Data></Cell></Row><Row ss:Height="12.81"><Cell><Data ss:Type="Number">67</Data></Cell><Cell><Data ss:Type="Boolean">1</Data></Cell><Cell><Data ss:Type="Number">-0.414</Data></Cell></Row><Row ss:Height="12.81"><Cell><Data ss:Type="Number">68</Data></Cell><Cell><Data ss:Type="Boolean">1</Data></Cell><Cell><Data ss:Type="Number">-0.017</Data></Cell></Row><Row ss:Height="12.81"><Cell><Data ss:Type="Number">69</Data></Cell><Cell><Data ss:Type="Boolean">1</Data></Cell><Cell><Data ss:Type="Number">0.116</Data></Cell></Row><Row ss:Height="12.81"><Cell><Data ss:Type="Number">70</Data></Cell><Cell><Data ss:Type="Boolean">1</Data></Cell><Cell><Data ss:Type="Number">0.158</Data></Cell></Row><Row ss:Height="12.81"><Cell><Data ss:Type="Number">71</Data></Cell><Cell><Data ss:Type="Boolean">1</Data></Cell><Cell><Data ss:Type="Number">-0.763</Data></Cell></Row><Row ss:Height="12.81"><Cell><Data ss:Type="Number">72</Data></Cell><Cell><Data ss:Type="Boolean">1</Data></Cell><Cell><Data ss:Type="Number">-0.034</Data></Cell></Row><Row ss:Index="74" ss:Height="12.81"><Cell><Data ss:Type="Number">73</Data></Cell><Cell><Data ss:Type="Boolean">1</Data></Cell><Cell><Data ss:Type="Number">0.108</Data></Cell></Row><Row ss:Height="12.81"><Cell><Data ss:Type="Number">74</Data></Cell><Cell><Data ss:Type="Boolean">1</Data></Cell><Cell><Data ss:Type="Number">-0.274</Data></Cell></Row><Row ss:Height="12.81"><Cell><Data ss:Type="Number">75</Data></Cell><Cell><Data ss:Type="Boolean">1</Data></Cell><Cell><Data ss:Type="Number">0.101</Data></Cell></Row><Row ss:Height="12.81"><Cell><Data ss:Type="Number">76</Data></Cell><Cell><Data ss:Type="Boolean">1</Data></Cell><Cell><Data ss:Type="Number">-0.203</Data></Cell></Row><Row ss:Height="12.81"><Cell><Data ss:Type="Number">77</Data></Cell><Cell><Data ss:Type="Boolean">1</Data></Cell><Cell><Data ss:Type="Number">-0.637</Data></Cell></Row><Row ss:Height="12.81"><Cell><Data ss:Type="Number">78</Data></Cell><Cell><Data ss:Type="Boolean">0</Data></Cell><Cell><Data ss:Type="Number">-0.055</Data></Cell></Row><Row ss:Height="12.81"><Cell><Data ss:Type="Number">79</Data></Cell><Cell><Data ss:Type="Boolean">0</Data></Cell><Cell><Data ss:Type="Number">-0.06</Data></Cell></Row><Row ss:Index="81" ss:Height="12.81"><Cell><Data ss:Type="Number">80</Data></Cell><Cell><Data ss:Type="Boolean">0</Data></Cell><Cell><Data ss:Type="Number">0.137</Data></Cell></Row><Row ss:Height="12.81"><Cell><Data ss:Type="Number">81</Data></Cell><Cell><Data ss:Type="Boolean">0</Data></Cell><Cell><Data ss:Type="Number">0.151</Data></Cell></Row><Row ss:Height="12.81"><Cell><Data ss:Type="Number">82</Data></Cell><Cell><Data ss:Type="Boolean">0</Data></Cell><Cell><Data ss:Type="Number">0.166</Data></Cell></Row><Row ss:Height="12.81"><Cell><Data ss:Type="Number">83</Data></Cell><Cell><Data ss:Type="Boolean">1</Data></Cell><Cell><Data ss:Type="Number">0.149</Data></Cell></Row><Row ss:Height="12.81"><Cell><Data ss:Type="Number">84</Data></Cell><Cell><Data ss:Type="Boolean">1</Data></Cell><Cell><Data ss:Type="Number">-0.012</Data></Cell></Row><Row ss:Height="12.81"><Cell><Data ss:Type="Number">85</Data></Cell><Cell><Data ss:Type="Boolean">1</Data></Cell><Cell><Data ss:Type="Number">0.076</Data></Cell></Row><Row ss:Index="87" ss:Height="12.81"><Cell><Data ss:Type="Number">86</Data></Cell><Cell><Data ss:Type="Boolean">0</Data></Cell><Cell><Data ss:Type="Number">-0.916</Data></Cell></Row><Row ss:Height="12.81"><Cell><Data ss:Type="Number">87</Data></Cell><Cell><Data ss:Type="Boolean">0</Data></Cell><Cell><Data ss:Type="Number">-0.152</Data></Cell></Row><Row ss:Height="12.81"><Cell><Data ss:Type="Number">88</Data></Cell><Cell><Data ss:Type="Boolean">0</Data></Cell><Cell><Data ss:Type="Number">-0.368</Data></Cell></Row><Row ss:Height="12.81"><Cell><Data ss:Type="Number">89</Data></Cell><Cell><Data ss:Type="Boolean">0</Data></Cell><Cell><Data ss:Type="Number">0.055</Data></Cell></Row><Row ss:Height="12.81"><Cell><Data ss:Type="Number">90</Data></Cell><Cell><Data ss:Type="Boolean">1</Data></Cell><Cell><Data ss:Type="Number">0.052</Data></Cell></Row><Row ss:Height="12.81"><Cell><Data ss:Type="Number">91</Data></Cell><Cell><Data ss:Type="Boolean">0</Data></Cell><Cell><Data ss:Type="Number">-0.257</Data></Cell></Row><Row ss:Height="12.81"><Cell><Data ss:Type="Number">92</Data></Cell><Cell><Data ss:Type="Boolean">1</Data></Cell><Cell><Data ss:Type="Number">0.146</Data></Cell></Row><Row ss:Index="94" ss:Height="12.81"><Cell><Data ss:Type="Number">93</Data></Cell><Cell><Data ss:Type="Boolean">1</Data></Cell><Cell><Data ss:Type="Number">0.109</Data></Cell></Row><Row ss:Height="12.81"><Cell><Data ss:Type="Number">94</Data></Cell><Cell><Data ss:Type="Boolean">1</Data></Cell><Cell><Data ss:Type="Number">-0.451</Data></Cell></Row><Row ss:Height="12.81"><Cell><Data ss:Type="Number">95</Data></Cell><Cell><Data ss:Type="Boolean">1</Data></Cell><Cell><Data ss:Type="Number">-0.076</Data></Cell></Row><Row ss:Height="12.81"><Cell><Data ss:Type="Number">96</Data></Cell><Cell><Data ss:Type="Boolean">0</Data></Cell><Cell><Data ss:Type="Number">0.037</Data></Cell></Row><Row ss:Height="12.81"><Cell><Data ss:Type="Number">97</Data></Cell><Cell><Data ss:Type="Boolean">1</Data></Cell><Cell><Data ss:Type="Number">-0.119</Data></Cell></Row><Row ss:Height="12.81"><Cell><Data ss:Type="Number">98</Data></Cell><Cell><Data ss:Type="Boolean">0</Data></Cell><Cell><Data ss:Type="Number">-0.668</Data></Cell></Row><Row ss:Height="12.81"><Cell><Data ss:Type="Number">99</Data></Cell><Cell><Data ss:Type="Boolean">0</Data></Cell><Cell><Data ss:Type="Number">-0.827</Data></Cell></Row><Row ss:Index="101" ss:Height="12.81"><Cell><Data ss:Type="Number">100</Data></Cell><Cell><Data ss:Type="Boolean">0</Data></Cell><Cell><Data ss:Type="Number">-0.736</Data></Cell></Row><Row ss:Height="12.81"><Cell><Data ss:Type="Number">101</Data></Cell><Cell><Data ss:Type="Boolean">0</Data></Cell><Cell><Data ss:Type="Number">-0.318</Data></Cell></Row><Row ss:Height="12.81"><Cell ss:Index="2" ss:StyleID="Default"/><Cell ss:Index="3"/></Row><Row ss:Height="12.81"><Cell><Data ss:Type="String">correct</Data></Cell><Cell ss:StyleID="Default" ss:Formula="of:=COUNTIF([.B1:.B102];1)"><Data ss:Type="Number">77</Data></Cell><Cell ss:Index="3"/></Row><Row ss:Height="12.81"><Cell><Data ss:Type="String">incorrect</Data></Cell><Cell ss:StyleID="Default" ss:Formula="of:=COUNTIF([.B1:.B102];0)"><Data ss:Type="Number">25</Data></Cell><Cell ss:Index="3"/></Row><Row ss:Height="12.81"><Cell ss:Index="2" ss:StyleID="Default"/><Cell ss:Index="3"/></Row><Row ss:Height="12.81"><Cell><Data ss:Type="String">average audio score</Data></Cell><Cell ss:StyleID="Default" ss:Formula="of:=AVERAGE([.C1:.C102])"><Data ss:Type="Number">-0.157637254901961</Data></Cell><Cell ss:Index="3"/></Row></Table><x:WorksheetOptions/></ss:Worksheet></Workbook>